<?xml version="1.0" encoding="UTF-8"?>
<!-- Generated by org.testng.reporters.JUnitXMLReporter -->
<testsuite ignored="0" hostname="DEEL" failures="0" tests="2" name="Error Validation Test" time="72.672" errors="0" timestamp="2024-04-07T16:03:03 IST">
  <testcase classname="automationPractice.Tests.ErrorValidations" name="LoginErrorValidation" time="0.85"/>
  <testcase classname="automationPractice.Tests.ErrorValidations" name="productCatalogueErrorValidation" time="3.911"/>
</testsuite> <!-- Error Validation Test -->
