<?xml version="1.0" encoding="UTF-8"?>
<!-- Generated by org.testng.reporters.JUnitXMLReporter -->
<testsuite ignored="0" hostname="DEEL" failures="0" tests="2" name="Error Validation" time="40.274" errors="0" timestamp="2024-04-23T11:13:38 IST">
  <testcase classname="automationPractice.Tests.ErrorValidations" name="LoginErrorValidation" time="0.597"/>
  <testcase classname="automationPractice.Tests.ErrorValidations" name="productCatalogueErrorValidation" time="3.373"/>
</testsuite> <!-- Error Validation -->
