<?xml version="1.0" encoding="UTF-8"?>
<!-- Generated by org.testng.reporters.JUnitXMLReporter -->
<testsuite ignored="0" hostname="DEEL" failures="0" tests="2" name="Error Validation" time="82.758" errors="0" timestamp="2024-04-27T06:16:10 IST">
  <testcase classname="automationPractice.Tests.ErrorValidations" name="LoginErrorValidation" time="0.0">
    <skipped/>
  </testcase> <!-- LoginErrorValidation -->
  <testcase classname="automationPractice.Tests.ErrorValidations" name="productCatalogueErrorValidation" time="0.0">
    <skipped/>
  </testcase> <!-- productCatalogueErrorValidation -->
</testsuite> <!-- Error Validation -->
